{"time":"2020-01-27 16:42:42","pid":28230,"command":"attach","tempdir":"/tmp/RtmphIIKpO"} 
{"time":"2020-01-27 19:10:46","pid":7169,"command":"attach","tempdir":"/tmp/Rtmp8LgBSf"} 
{"time":"2020-01-27 19:11:27","pid":7169,"command":"attach","tempdir":"/tmp/Rtmp8LgBSf"} 
{"time":"2020-01-27 19:11:31","pid":7169,"command":"attach","tempdir":"/tmp/Rtmp8LgBSf"} 
{"time":"2020-01-27 19:11:32","pid":7169,"command":"attach","tempdir":"/tmp/Rtmp8LgBSf"} 
{"time":"2020-01-27 19:11:56","pid":7325,"command":"attach","tempdir":"/tmp/RtmpFEeUu7"} 
{"time":"2020-01-27 19:22:19","pid":23468,"command":"attach","tempdir":"/tmp/RtmphxUBiK"} 
{"time":"2020-01-27 19:23:05","pid":23468,"command":"attach","tempdir":"/tmp/RtmphxUBiK"} 
{"time":"2020-01-27 19:23:06","pid":23468,"command":"attach","tempdir":"/tmp/RtmphxUBiK"} 
{"time":"2020-01-27 19:23:33","pid":24975,"command":"attach","tempdir":"/tmp/RtmpfL6U2H"} 
{"time":"2020-01-27 19:25:51","pid":24975,"command":"attach","tempdir":"/tmp/RtmpfL6U2H"} 
{"time":"2020-01-27 19:31:40","pid":26216,"command":"attach","tempdir":"/tmp/RtmpYEa6Dy"} 
{"time":"2020-01-27 19:31:50","pid":26216,"command":"attach","tempdir":"/tmp/RtmpYEa6Dy"} 
{"time":"2020-01-28 11:37:05","pid":15282,"command":"attach","tempdir":"/tmp/Rtmpgc9ynM"} 
{"time":"2020-01-28 11:56:15","pid":22727,"command":"attach","tempdir":"/tmp/RtmplwwBeH"} 
{"time":"2020-01-28 11:56:53","pid":22820,"command":"attach","tempdir":"/tmp/Rtmp7E49rK"} 
{"time":"2020-01-28 11:57:34","pid":22841,"command":"attach","tempdir":"/tmp/RtmprmNvSj"} 
{"time":"2020-01-28 14:03:52","pid":26450,"command":"attach","tempdir":"/tmp/RtmpUoPRId"} 
{"time":"2020-01-28 14:04:09","pid":26450,"command":"attach","tempdir":"/tmp/RtmpUoPRId"} 
{"time":"2020-01-28 19:50:33","pid":25505,"command":"attach","tempdir":"/tmp/RtmpwsJmlL"} 
{"time":"2020-01-28 19:59:36","pid":26529,"command":"attach","tempdir":"/tmp/RtmpA3WtHb"} 
{"time":"2020-01-28 20:00:02","pid":26637,"command":"attach","tempdir":"/tmp/Rtmp5IGUko"} 
{"time":"2020-01-28 20:04:00","pid":27659,"command":"attach","tempdir":"/tmp/RtmpOrsLvC"} 
{"time":"2020-01-28 20:06:24","pid":27659,"command":"browser","url":"http://127.0.0.1:6966"} 
{"time":"2020-01-28 20:19:15","pid":30368,"command":"attach","tempdir":"/tmp/RtmpnyHtwt"} 
{"time":"2020-01-28 20:19:16","pid":30368,"command":"browser","url":"http://127.0.0.1:5675"} 
{"time":"2020-01-28 20:20:57","pid":30906,"command":"attach","tempdir":"/tmp/Rtmp1LOsOb"} 
{"time":"2020-01-29 15:34:52","pid":31476,"command":"attach","tempdir":"/tmp/RtmpLQ44Ye"} 
{"time":"2020-01-31 11:03:51","pid":1420,"command":"attach","tempdir":"/tmp/Rtmpjuw0Sy"} 
{"time":"2020-01-31 11:03:57","pid":1420,"command":"browser","url":"http://127.0.0.1:3169"} 
{"time":"2020-01-31 11:09:23","pid":4937,"command":"attach","tempdir":"/tmp/RtmpaOjj5v"} 
{"time":"2020-01-31 11:09:35","pid":4937,"command":"browser","url":"http://127.0.0.1:7575"} 
{"time":"2020-02-01 20:35:11","pid":13688,"command":"attach","tempdir":"/tmp/Rtmp8jNUUb"} 
{"time":"2020-02-01 20:40:21","pid":13688,"command":"browser","url":"http://127.0.0.1:7070"} 
{"time":"2020-02-01 21:24:51","pid":21034,"command":"attach","tempdir":"/tmp/RtmpumfzDG"} 
{"time":"2020-02-01 21:25:34","pid":21034,"command":"browser","url":"http://127.0.0.1:3077"} 
{"time":"2020-02-01 21:50:30","pid":25499,"command":"attach","tempdir":"/tmp/RtmpGA35ai"} 
{"time":"2020-02-01 21:50:47","pid":25499,"command":"browser","url":"http://127.0.0.1:4771"} 
{"time":"2020-02-02 09:59:25","pid":24237,"command":"attach","tempdir":"/tmp/Rtmp7XgzYR"} 
{"time":"2020-02-02 11:37:42","pid":25887,"command":"attach","tempdir":"/tmp/RtmpUdGifG"} 
{"time":"2020-02-02 11:43:11","pid":25887,"command":"webview","file":"/tmp/RtmpUdGifG/viewhtml651f5bfab833/index.html","height":{},"viewColumn":"Two"} 
{"time":"2020-02-02 11:45:06","pid":25887,"command":"webview","file":"/tmp/RtmpUdGifG/viewhtml651f3c6a61a8/index.html","height":{},"viewColumn":"Two"} 
{"time":"2020-02-02 11:57:44","pid":1931,"command":"attach","tempdir":"/tmp/RtmpQDm2Xb"} 
{"time":"2020-02-03 08:17:55","pid":15621,"command":"attach","tempdir":"/tmp/Rtmph3Mr6m"} 
{"time":"2020-02-03 11:08:08","pid":24754,"command":"attach","tempdir":"/tmp/Rtmpn4NADW"} 
{"time":"2020-02-14 15:47:53","pid":6134,"command":"attach","tempdir":"/tmp/Rtmp0ysmA1"} 
{"time":"2020-02-17 08:13:22","pid":28488,"command":"attach","tempdir":"/tmp/RtmpBDJvUj"} 
{"time":"2020-02-17 09:21:15","pid":27146,"command":"attach","tempdir":"/tmp/RtmptLYfUO"} 
{"time":"2020-02-17 09:25:41","pid":28191,"command":"attach","tempdir":"/tmp/RtmpWBT9sR"} 
{"time":"2020-02-21 21:54:50","pid":7579,"command":"attach","tempdir":"/tmp/RtmppfKR3i"} 
{"time":"2020-02-21 21:58:58","pid":8017,"command":"attach","tempdir":"/tmp/Rtmp9JoKGq"} 
{"time":"2020-02-21 21:59:00","pid":8017,"command":"attach","tempdir":"/tmp/Rtmp9JoKGq"} 
{"time":"2020-02-21 21:59:01","pid":8017,"command":"attach","tempdir":"/tmp/Rtmp9JoKGq"} 
{"time":"2020-02-21 21:59:22","pid":8093,"command":"attach","tempdir":"/tmp/RtmpM7E79a"} 
{"time":"2020-02-21 22:16:24","pid":19189,"command":"attach","tempdir":"/tmp/Rtmph6fVKc"} 
{"time":"2020-02-21 22:18:03","pid":19362,"command":"attach","tempdir":"/tmp/Rtmp1Intkg"} 
{"time":"2020-02-21 22:18:54","pid":19499,"command":"attach","tempdir":"/tmp/RtmpkxfVSD"} 
{"time":"2020-02-21 22:19:20","pid":19592,"command":"attach","tempdir":"/tmp/RtmpSuOJHD"} 
{"time":"2020-02-21 22:29:59","pid":21759,"command":"attach","tempdir":"/tmp/RtmpQFnNsv"} 
{"time":"2020-03-10 11:00:40","pid":25715,"command":"attach","tempdir":"/tmp/Rtmpa86e3E"} 
{"time":"2020-03-10 11:12:06","pid":31403,"command":"attach","tempdir":"/tmp/Rtmp0qkJCJ"} 
{"time":"2020-03-10 11:12:20","pid":31403,"command":"attach","tempdir":"/tmp/Rtmp0qkJCJ"} 
{"time":"2020-03-10 11:12:24","pid":31403,"command":"attach","tempdir":"/tmp/Rtmp0qkJCJ"} 
{"time":"2020-03-10 11:22:46","pid":797,"command":"attach","tempdir":"/tmp/RtmpHrmmJr"} 
{"time":"2020-03-10 11:29:51","pid":2880,"command":"attach","tempdir":"/tmp/Rtmpx640tY"} 
{"time":"2020-03-10 11:32:12","pid":3432,"command":"attach","tempdir":"/tmp/Rtmp2hyWDH"} 
{"time":"2020-03-10 11:34:05","pid":3835,"command":"attach","tempdir":"/tmp/RtmpiNHJjb"} 
{"time":"2020-03-10 11:34:35","pid":4171,"command":"attach","tempdir":"/tmp/RtmpRJKq6y"} 
{"time":"2020-03-10 11:39:10","pid":5185,"command":"attach","tempdir":"/tmp/RtmpHGK8uh"} 
{"time":"2020-03-10 11:43:25","pid":6216,"command":"attach","tempdir":"/tmp/Rtmpsa6MQe"} 
{"time":"2020-03-18 22:48:29","pid":69880,"command":"attach","tempdir":"/tmp/Rtmp6S7bJd"} 
{"time":"2020-03-18 22:49:01","pid":70285,"command":"attach","tempdir":"/tmp/RtmpA3WUIN"} 
{"time":"2020-03-21 10:39:04","pid":179497,"command":"attach","tempdir":"/tmp/RtmpmI37mV"} 
{"time":"2020-03-21 10:39:27","pid":179542,"command":"attach","tempdir":"/tmp/Rtmp86BF9i"} 
{"time":"2020-03-22 08:55:25","pid":36903,"command":"attach","tempdir":"/tmp/RtmptFKROB"} 
{"time":"2020-03-22 19:26:08","pid":141067,"command":"attach","tempdir":"/tmp/Rtmpbevf62"} 
{"time":"2020-03-23 08:20:53","pid":4865,"command":"attach","tempdir":"/tmp/RtmpuSXRg6"} 
{"time":"2020-03-23 12:52:03","pid":47887,"command":"attach","tempdir":"/tmp/RtmpI7aAod"} 
{"time":"2020-03-23 12:55:15","pid":50566,"command":"attach","tempdir":"/tmp/RtmpfZuBWJ"} 
{"time":"2020-04-06 16:57:01","pid":72429,"command":"attach","tempdir":"/tmp/Rtmpn2NmnU"} 
{"time":"2020-04-07 18:48:55","pid":263531,"command":"attach","tempdir":"/tmp/RtmpbjWeNb"} 
{"time":"2020-04-08 11:31:06","pid":26333,"command":"attach","tempdir":"/tmp/RtmpmsXGFp"} 
{"time":"2020-04-27 21:10:51","pid":104737,"command":"attach","tempdir":"/tmp/RtmpNckWxU"} 
{"time":"2020-04-28 10:10:17","pid":134455,"command":"attach","tempdir":"/tmp/RtmpYSml84"} 
